<?xml version="1.0" encoding="UTF-8"?>
<!-- Generated by org.testng.reporters.JUnitXMLReporter -->
<testsuite ignored="0" hostname="DESKTOP-T7IHCJ8" failures="0" tests="8" name="Parallel Clasees Scenario" time="0.213" errors="0" timestamp="2024-09-16T12:00:50 IST">
  <testcase classname="parallelClasses.ParallelClassesExample1" name="testCase1" time="0.023"/>
  <testcase classname="parallelClasses.ParallelClassesExample2" name="testCase5" time="0.023"/>
  <testcase classname="parallelClasses.ParallelClassesExample1" name="testCase2" time="0.008"/>
  <testcase classname="parallelClasses.ParallelClassesExample2" name="testCase6" time="0.022"/>
  <testcase classname="parallelClasses.ParallelClassesExample2" name="testCase7" time="0.007"/>
  <testcase classname="parallelClasses.ParallelClassesExample2" name="testCase8" time="0.001"/>
  <testcase classname="parallelClasses.ParallelClassesExample1" name="testCase3" time="0.005"/>
  <testcase classname="parallelClasses.ParallelClassesExample1" name="testCase4" time="0.003"/>
</testsuite> <!-- Parallel Clasees Scenario -->
