<?xml version="1.0" encoding="UTF-8"?>
<!-- Generated by org.testng.reporters.JUnitXMLReporter -->
<testsuite ignored="0" hostname="DESKTOP-T7IHCJ8" failures="0" tests="8" name="Default test" time="0.237" errors="0" timestamp="2024-09-16T12:14:05 IST">
  <testcase classname="parallelTestMethod.ParallelTestMethodExample" name="testCase" time="0.028"/>
  <testcase classname="parallelTestMethod.ParallelTestMethodExample" name="testCase" time="0.028"/>
  <testcase classname="parallelTestMethod.ParallelTestMethodExample" name="testCase" time="0.028"/>
  <testcase classname="parallelTestMethod.ParallelTestMethodExample" name="testCase" time="0.027"/>
  <testcase classname="parallelTestMethod.ParallelTestMethodExample" name="testCase" time="0.005"/>
  <testcase classname="parallelTestMethod.ParallelTestMethodExample" name="testCase" time="0.013"/>
  <testcase classname="parallelTestMethod.ParallelTestMethodExample" name="testCase" time="0.023"/>
  <testcase classname="parallelTestMethod.ParallelTestMethodExample" name="testCase" time="0.035"/>
</testsuite> <!-- Default test -->
