<?xml version="1.0" encoding="UTF-8"?>
<!-- Generated by org.testng.reporters.JUnitXMLReporter -->
<testsuite ignored="4" hostname="DESKTOP-T7IHCJ8" failures="0" tests="2" name="Grouping Scenario" time="0.135" errors="0" timestamp="2024-09-14T20:22:39 IST">
  <testcase classname="groupingFeatures.GroupingExample" name="myTestC" time="0.019"/>
  <testcase classname="groupingFeatures.GroupingExample" name="myTestD" time="0.004"/>
  <testcase classname="groupingFeatures.GroupingExample" name="myTestF" time="0.0">
    <ignored/>
  </testcase> <!-- myTestF -->
  <testcase classname="groupingFeatures.GroupingExample" name="myTestE" time="0.0">
    <ignored/>
  </testcase> <!-- myTestE -->
  <testcase classname="groupingFeatures.GroupingExample" name="myTestB" time="0.0">
    <ignored/>
  </testcase> <!-- myTestB -->
  <testcase classname="groupingFeatures.GroupingExample" name="myTestA" time="0.0">
    <ignored/>
  </testcase> <!-- myTestA -->
</testsuite> <!-- Grouping Scenario -->
