<?xml version="1.0" encoding="UTF-8"?>
<!-- Generated by org.testng.reporters.JUnitXMLReporter -->
<testsuite ignored="4" hostname="DESKTOP-T7IHCJ8" failures="0" tests="2" name="Screen 2 Scenario" time="0.058" errors="0" timestamp="2024-09-12T19:09:25 IST">
  <testcase classname="annotations.TestClassOne" name="tesClassOne" time="0.003"/>
  <testcase classname="annotations.TestClassTwo" name="tesClassTwo" time="0.007"/>
  <testcase classname="base.TestBase" name="@BeforeSuite myBeforeSuite" time="0.0">
    <ignored/>
  </testcase> <!-- @BeforeSuite myBeforeSuite -->
  <testcase classname="base.TestBase" name="@AfterSuite myAfterSuite" time="0.0">
    <ignored/>
  </testcase> <!-- @AfterSuite myAfterSuite -->
  <testcase classname="base.TestBase" name="@BeforeTest myBeforeTest" time="0.0">
    <ignored/>
  </testcase> <!-- @BeforeTest myBeforeTest -->
  <testcase classname="base.TestBase" name="@AfterTest myAfterTest" time="0.0">
    <ignored/>
  </testcase> <!-- @AfterTest myAfterTest -->
</testsuite> <!-- Screen 2 Scenario -->
