<?xml version="1.0" encoding="UTF-8"?>
<!-- Generated by org.testng.reporters.JUnitXMLReporter -->
<testsuite ignored="0" hostname="DESKTOP-T7IHCJ8" failures="0" tests="4" name="Parallel Test Scenario" time="0.129" errors="0" timestamp="2024-09-16T11:55:29 IST">
  <testcase classname="parallelMethods.ParallelMethodExample" name="testCase2" time="0.026"/>
  <testcase classname="parallelMethods.ParallelMethodExample" name="testCase3" time="0.027"/>
  <testcase classname="parallelMethods.ParallelMethodExample" name="testCase4" time="0.023"/>
  <testcase classname="parallelMethods.ParallelMethodExample" name="testCase1" time="0.029"/>
</testsuite> <!-- Parallel Test Scenario -->
