<?xml version="1.0" encoding="UTF-8"?>
<!-- Generated by org.testng.reporters.JUnitXMLReporter -->
<testsuite ignored="0" hostname="DESKTOP-T7IHCJ8" failures="0" tests="4" name="Parallel Tests Scenario2" time="0.19" errors="0" timestamp="2024-09-16T12:08:50 IST">
  <testcase classname="parallelTests.ParallelTestsExample2" name="testCase5" time="0.039"/>
  <testcase classname="parallelTests.ParallelTestsExample2" name="testCase6" time="0.002"/>
  <testcase classname="parallelTests.ParallelTestsExample2" name="testCase7" time="0.006"/>
  <testcase classname="parallelTests.ParallelTestsExample2" name="testCase8" time="0.004"/>
</testsuite> <!-- Parallel Tests Scenario2 -->
