<?xml version="1.0" encoding="UTF-8"?>
<!-- Generated by org.testng.reporters.JUnitXMLReporter -->
<testsuite ignored="0" hostname="DESKTOP-T7IHCJ8" failures="0" tests="4" name="Parallel Tests Scenario1" time="0.222" errors="0" timestamp="2024-09-16T12:08:50 IST">
  <testcase classname="parallelTests.ParallelTestsExample1" name="testCase1" time="0.018"/>
  <testcase classname="parallelTests.ParallelTestsExample1" name="testCase2" time="0.057"/>
  <testcase classname="parallelTests.ParallelTestsExample1" name="testCase3" time="0.001"/>
  <testcase classname="parallelTests.ParallelTestsExample1" name="testCase4" time="0.002"/>
</testsuite> <!-- Parallel Tests Scenario1 -->
