<?xml version="1.0" encoding="UTF-8"?>
<!-- Generated by org.testng.reporters.JUnitXMLReporter -->
<testsuite ignored="0" hostname="DESKTOP-T7IHCJ8" failures="2" tests="8" name="ITest test" time="0.165" errors="0" timestamp="2024-09-15T18:23:03 IST">
  <testcase classname="testNGITestListner.ITestListenerTestCaseExample" name="myTest1" time="0.013"/>
  <testcase classname="testNGITestListner.ITestListenerTestCaseExample" name="myTest2" time="0.007">
    <failure type="java.lang.AssertionError" message="expected [true] but found [false]">
      <![CDATA[java.lang.AssertionError: expected [true] but found [false]
at testNGITestListner.ITestListenerTestCaseExample.myTest2(ITestListenerTestCaseExample.java:34)
at java.base/java.util.ArrayList.forEach(ArrayList.java:1511)
... Removed 31 stack frames]]>
    </failure>
  </testcase> <!-- myTest2 -->
  <testcase classname="testNGITestListner.ITestListenerTestCaseExample" name="myTest3" time="0.003">
    <skipped/>
  </testcase> <!-- myTest3 -->
  <testcase classname="testNGITestListner.ITestListenerTestCaseExample" name="myTest4" time="0.008"/>
  <testcase classname="testNGITestListner.ITestListenerTestCaseExample" name="myTest4" time="0.005">
    <failure type="java.lang.AssertionError" message="expected [true] but found [false]">
      <![CDATA[java.lang.AssertionError: expected [true] but found [false]
at testNGITestListner.ITestListenerTestCaseExample.myTest4(ITestListenerTestCaseExample.java:55)
at java.base/java.util.ArrayList.forEach(ArrayList.java:1511)
... Removed 31 stack frames]]>
    </failure>
  </testcase> <!-- myTest4 -->
  <testcase classname="testNGITestListner.ITestListenerTestCaseExample" name="myTest4" time="0.001"/>
  <testcase classname="testNGITestListner.ITestListenerTestCaseExample" name="myTest4" time="0.006"/>
  <testcase classname="testNGITestListner.ITestListenerTestCaseExample" name="myTest4" time="0.002"/>
</testsuite> <!-- ITest test -->
