<?xml version="1.0" encoding="UTF-8"?>
<testng-results ignored="0" total="8" passed="8" failed="0" skipped="0">
  <reporter-output>
  </reporter-output>
  <suite started-at="2024-09-16T12:14:05 IST" name="Default suite" finished-at="2024-09-16T12:14:05 IST" duration-ms="237">
    <groups>
    </groups>
    <test started-at="2024-09-16T12:14:05 IST" name="Default test" finished-at="2024-09-16T12:14:05 IST" duration-ms="237">
      <class name="parallelTestMethod.ParallelTestMethodExample">
        <test-method signature="testCase()[pri:0, instance:parallelTestMethod.ParallelTestMethodExample@7e9131d5]" started-at="2024-09-16T12:14:05 IST" name="testCase" finished-at="2024-09-16T12:14:05 IST" duration-ms="28" status="PASS">
          <reporter-output>
          </reporter-output>
        </test-method> <!-- testCase -->
        <test-method signature="testCase()[pri:0, instance:parallelTestMethod.ParallelTestMethodExample@7e9131d5]" started-at="2024-09-16T12:14:05 IST" name="testCase" finished-at="2024-09-16T12:14:05 IST" duration-ms="28" status="PASS">
          <reporter-output>
          </reporter-output>
        </test-method> <!-- testCase -->
        <test-method signature="testCase()[pri:0, instance:parallelTestMethod.ParallelTestMethodExample@7e9131d5]" started-at="2024-09-16T12:14:05 IST" name="testCase" finished-at="2024-09-16T12:14:05 IST" duration-ms="27" status="PASS">
          <reporter-output>
          </reporter-output>
        </test-method> <!-- testCase -->
        <test-method signature="testCase()[pri:0, instance:parallelTestMethod.ParallelTestMethodExample@7e9131d5]" started-at="2024-09-16T12:14:05 IST" name="testCase" finished-at="2024-09-16T12:14:05 IST" duration-ms="28" status="PASS">
          <reporter-output>
          </reporter-output>
        </test-method> <!-- testCase -->
        <test-method signature="testCase()[pri:0, instance:parallelTestMethod.ParallelTestMethodExample@7e9131d5]" started-at="2024-09-16T12:14:05 IST" name="testCase" finished-at="2024-09-16T12:14:05 IST" duration-ms="35" status="PASS">
          <reporter-output>
          </reporter-output>
        </test-method> <!-- testCase -->
        <test-method signature="testCase()[pri:0, instance:parallelTestMethod.ParallelTestMethodExample@7e9131d5]" started-at="2024-09-16T12:14:05 IST" name="testCase" finished-at="2024-09-16T12:14:05 IST" duration-ms="5" status="PASS">
          <reporter-output>
          </reporter-output>
        </test-method> <!-- testCase -->
        <test-method signature="testCase()[pri:0, instance:parallelTestMethod.ParallelTestMethodExample@7e9131d5]" started-at="2024-09-16T12:14:05 IST" name="testCase" finished-at="2024-09-16T12:14:05 IST" duration-ms="23" status="PASS">
          <reporter-output>
          </reporter-output>
        </test-method> <!-- testCase -->
        <test-method signature="testCase()[pri:0, instance:parallelTestMethod.ParallelTestMethodExample@7e9131d5]" started-at="2024-09-16T12:14:05 IST" name="testCase" finished-at="2024-09-16T12:14:05 IST" duration-ms="13" status="PASS">
          <reporter-output>
          </reporter-output>
        </test-method> <!-- testCase -->
      </class> <!-- parallelTestMethod.ParallelTestMethodExample -->
    </test> <!-- Default test -->
  </suite> <!-- Default suite -->
</testng-results>
